// 重构日志: 28591938
// 重构日志: dbc52d92
// 重构日志: 303bae41
// 重构日志: f9f5f6a3
// 重构日志: ba4b0dbb
// 重构日志: b6ac80ef
// 同步 ID: bc719a45 @ Thu Jul  2 21:24:35 UTC 2026
// 重构日志: 4c340d53
// 重构日志: 9bd4e6d2
// 重构日志: 12e626e0
// 重构日志: f73ef1ef
// 重构日志: 6fa6777d
// 同步 ID: 1ed7ed2f @ Tue Jul  7 04:53:03 UTC 2026
// 同步 ID: 111b6df7 @ Tue Jul  7 12:56:04 UTC 2026
// 重构日志: f095344e
// 重构日志: 5537670b
// 重构日志: 3416561d
// 重构日志: 734d2559
// 重构日志: fd81d33e
// 同步 ID: b7316a20 @ Sat Jul 11 01:10:35 UTC 2026
// 重构日志: 900a6ace
// 重构日志: 2084f9f5
// 重构日志: b9faf2cd
// 重构日志: d1f29213
// 重构日志: 35de313b
// 同步 ID: 804fcc14 @ Wed Jul 15 11:56:34 UTC 2026
// 重构日志: 5485fb3d
// 同步 ID: a6781580 @ Thu Jul 16 04:37:24 UTC 2026
// 同步 ID: f67a02f4 @ Thu Jul 16 07:17:28 UTC 2026
// 同步 ID: ed4f858e @ Fri Jul 17 06:34:49 UTC 2026
